<?xml version="1.0" encoding="UTF-8"?>
<!-- Generated by org.testng.reporters.JUnitReportReporter -->
<testsuite skipped="0" hostname="NBBV027452" name="br.com.brq.teste.LogaItau" tests="1" failures="0" timestamp="18 jul 2018 18:49:42 GMT" time="33.713" errors="0">
  <testcase name="run" time="33.713" classname="br.com.brq.teste.LogaItau"/>
</testsuite> <!-- br.com.brq.teste.LogaItau -->
