<?xml version="1.0" encoding="UTF-8"?>
<!-- Generated by org.testng.reporters.JUnitReportReporter -->
<testsuite hostname="NBBV027452" name="br.com.brq.teste.LogaItau" tests="1" failures="0" timestamp="18 Jul 2018 19:14:28 GMT" time="34.739" errors="0">
  <testcase name="run" time="34.739" classname="br.com.brq.teste.LogaItau"/>
</testsuite> <!-- br.com.brq.teste.LogaItau -->
